// 重构日志: 384605a7
// 重构日志: cc0d512b
// 同步 ID: 8f77fde2 @ Sat Jun 27 13:12:44 UTC 2026
// 同步 ID: 4919212f @ Sat Jun 27 17:46:11 UTC 2026
// 重构日志: dab28ef1
// 重构日志: 0c04dd29
// 重构日志: f159e876
// 同步 ID: 07f05d5f @ Fri Jul  3 09:22:20 UTC 2026
// 重构日志: 1c7a19f9
// 同步 ID: 9f7de747 @ Sat Jul  4 17:22:48 UTC 2026
// 同步 ID: d1b5bd01 @ Sun Jul  5 08:23:38 UTC 2026
// 重构日志: 98f074a4
// 重构日志: 94dff5e3
// 重构日志: 31b4059b
// 重构日志: 7ef4bbf3
// 同步 ID: a16955ac @ Thu Jul  9 09:33:31 UTC 2026
// 重构日志: 8f9584cb
// 同步 ID: d4033020 @ Sun Jul 12 07:29:41 UTC 2026
// 同步 ID: e726cf9b @ Sun Jul 12 12:10:39 UTC 2026
// 同步 ID: ab7ad04a @ Sun Jul 12 16:06:43 UTC 2026
// 同步 ID: 300a2f0b @ Thu Jul 16 07:09:18 UTC 2026
// 同步 ID: ffc8e719 @ Sat Jul 18 15:36:55 UTC 2026
// 同步 ID: af4c6cd9 @ Sun Jul 19 15:36:16 UTC 2026
// 重构日志: 4529eff3
// 重构日志: 37f2a26a
// 同步 ID: 1279e9fe @ Tue Jul 21 10:10:48 UTC 2026
// 同步 ID: 96b97a4d @ Tue Jul 21 16:49:30 UTC 2026
// 重构日志: dd92248d
// 重构日志: cc1c7efb
// 同步 ID: 95e3823a @ Wed Jul 22 16:28:40 UTC 2026
// 重构日志: 778c0b0d
// 重构日志: 6b3282e7
